# JRE version: OpenJDK Runtime Environment Temurin-21.0.10+7 (21.0.10+7) (build 21.0.10+7-LTS)
# Java VM: OpenJDK 64-Bit Server VM Temurin-21.0.10+7 (21.0.10+7-LTS, mixed mode, sharing, tiered, compressed oops, compressed class ptrs, parallel gc, windows-amd64)
GC Precious Log:
 CardTable entry size: 512
 CPUs: 6 total, 6 available
 Memory: 16317M
 Large Page Support: Disabled
 NUMA Support: Disabled
 Compressed Oops: Enabled (32-bit)
 Alignments: Space 512K, Generation 512K, Heap 2M
 Heap Min Capacity: 100M
 Heap Initial Capacity: 100M
 Heap Max Capacity: 2G
 Pre-touch: Disabled
 Parallel Workers: 6
Heap:
 PSYoungGen      total 18944K, used 7285K [0x00000000d5580000, 0x00000000d7000000, 0x0000000100000000)
  eden space 15872K, 26% used [0x00000000d5580000,0x00000000d599e0c8,0x00000000d6500000)
  from space 3072K, 99% used [0x00000000d6700000,0x00000000d69ff3a8,0x00000000d6a00000)
  to   space 5632K, 0% used [0x00000000d6a80000,0x00000000d6a80000,0x00000000d7000000)
 ParOldGen       total 68608K, used 57251K [0x0000000080000000, 0x0000000084300000, 0x00000000d5580000)
  object space 68608K, 83% used [0x0000000080000000,0x00000000837e8f98,0x0000000084300000)
 Metaspace       used 66074K, committed 67584K, reserved 1114112K
  class space    used 6986K, committed 7616K, reserved 1048576K
GC Heap History (20 events):
Event: 25.019 GC heap before
{Heap before GC invocations=35 (full 2):
 PSYoungGen      total 20480K, used 8583K [0x00000000d5580000, 0x00000000d6b80000, 0x0000000100000000)
  eden space 18944K, 38% used [0x00000000d5580000,0x00000000d5c95f60,0x00000000d6800000)
  from space 1536K, 86% used [0x00000000d6a00000,0x00000000d6b4beb0,0x00000000d6b80000)
  to   space 1536K, 0% used [0x00000000d6880000,0x00000000d6880000,0x00000000d6a00000)
 ParOldGen       total 68608K, used 42261K [0x0000000080000000, 0x0000000084300000, 0x00000000d5580000)
  object space 68608K, 61% used [0x0000000080000000,0x00000000829455b0,0x0000000084300000)
 Metaspace       used 58336K, committed 59776K, reserved 1114112K
  class space    used 6309K, committed 6912K, reserved 1048576K
}
Event: 25.021 GC heap after
{Heap after GC invocations=35 (full 2):
 PSYoungGen      total 19456K, used 288K [0x00000000d5580000, 0x00000000d6a80000, 0x0000000100000000)
  eden space 18944K, 0% used [0x00000000d5580000,0x00000000d5580000,0x00000000d6800000)
  from space 512K, 56% used [0x00000000d6880000,0x00000000d68c8000,0x00000000d6900000)
  to   space 1024K, 0% used [0x00000000d6980000,0x00000000d6980000,0x00000000d6a80000)
 ParOldGen       total 68608K, used 43428K [0x0000000080000000, 0x0000000084300000, 0x00000000d5580000)
  object space 68608K, 63% used [0x0000000080000000,0x0000000082a69360,0x0000000084300000)
 Metaspace       used 58336K, committed 59776K, reserved 1114112K
  class space    used 6309K, committed 6912K, reserved 1048576K
}
Event: 25.021 GC heap before
{Heap before GC invocations=36 (full 3):
 PSYoungGen      total 19456K, used 288K [0x00000000d5580000, 0x00000000d6a80000, 0x0000000100000000)
  eden space 18944K, 0% used [0x00000000d5580000,0x00000000d5580000,0x00000000d6800000)
  from space 512K, 56% used [0x00000000d6880000,0x00000000d68c8000,0x00000000d6900000)
  to   space 1024K, 0% used [0x00000000d6980000,0x00000000d6980000,0x00000000d6a80000)
 ParOldGen       total 68608K, used 43428K [0x0000000080000000, 0x0000000084300000, 0x00000000d5580000)
  object space 68608K, 63% used [0x0000000080000000,0x0000000082a69360,0x0000000084300000)
 Metaspace       used 58336K, committed 59776K, reserved 1114112K
  class space    used 6309K, committed 6912K, reserved 1048576K
}
Event: 25.082 GC heap after
{Heap after GC invocations=36 (full 3):
 PSYoungGen      total 19456K, used 0K [0x00000000d5580000, 0x00000000d6a80000, 0x0000000100000000)
  eden space 18944K, 0% used [0x00000000d5580000,0x00000000d5580000,0x00000000d6800000)
  from space 512K, 0% used [0x00000000d6880000,0x00000000d6880000,0x00000000d6900000)
  to   space 1024K, 0% used [0x00000000d6980000,0x00000000d6980000,0x00000000d6a80000)
 ParOldGen       total 68608K, used 39607K [0x0000000080000000, 0x0000000084300000, 0x00000000d5580000)
  object space 68608K, 57% used [0x0000000080000000,0x00000000826addd0,0x0000000084300000)
 Metaspace       used 58336K, committed 59776K, reserved 1114112K
  class space    used 6309K, committed 6912K, reserved 1048576K
}
Event: 25.415 GC heap before
{Heap before GC invocations=37 (full 3):
 PSYoungGen      total 19456K, used 18944K [0x00000000d5580000, 0x00000000d6a80000, 0x0000000100000000)
  eden space 18944K, 100% used [0x00000000d5580000,0x00000000d6800000,0x00000000d6800000)
  from space 512K, 0% used [0x00000000d6880000,0x00000000d6880000,0x00000000d6900000)
  to   space 1024K, 0% used [0x00000000d6980000,0x00000000d6980000,0x00000000d6a80000)
 ParOldGen       total 68608K, used 39607K [0x0000000080000000, 0x0000000084300000, 0x00000000d5580000)
  object space 68608K, 57% used [0x0000000080000000,0x00000000826addd0,0x0000000084300000)
 Metaspace       used 59689K, committed 61184K, reserved 1114112K
  class space    used 6450K, committed 7104K, reserved 1048576K
}
Event: 25.417 GC heap after
{Heap after GC invocations=37 (full 3):
 PSYoungGen      total 19968K, used 1001K [0x00000000d5580000, 0x00000000d6b00000, 0x0000000100000000)
  eden space 18944K, 0% used [0x00000000d5580000,0x00000000d5580000,0x00000000d6800000)
  from space 1024K, 97% used [0x00000000d6980000,0x00000000d6a7a4c0,0x00000000d6a80000)
  to   space 1536K, 0% used [0x00000000d6800000,0x00000000d6800000,0x00000000d6980000)
 ParOldGen       total 68608K, used 39919K [0x0000000080000000, 0x0000000084300000, 0x00000000d5580000)
  object space 68608K, 58% used [0x0000000080000000,0x00000000826fbe00,0x0000000084300000)
 Metaspace       used 59689K, committed 61184K, reserved 1114112K
  class space    used 6450K, committed 7104K, reserved 1048576K
}
Event: 25.742 GC heap before
{Heap before GC invocations=38 (full 3):
 PSYoungGen      total 19968K, used 19945K [0x00000000d5580000, 0x00000000d6b00000, 0x0000000100000000)
  eden space 18944K, 100% used [0x00000000d5580000,0x00000000d6800000,0x00000000d6800000)
  from space 1024K, 97% used [0x00000000d6980000,0x00000000d6a7a4c0,0x00000000d6a80000)
  to   space 1536K, 0% used [0x00000000d6800000,0x00000000d6800000,0x00000000d6980000)
 ParOldGen       total 68608K, used 39919K [0x0000000080000000, 0x0000000084300000, 0x00000000d5580000)
  object space 68608K, 58% used [0x0000000080000000,0x00000000826fbe00,0x0000000084300000)
 Metaspace       used 61308K, committed 62784K, reserved 1114112K
  class space    used 6600K, committed 7232K, reserved 1048576K
}
Event: 25.745 GC heap after
{Heap after GC invocations=38 (full 3):
 PSYoungGen      total 20480K, used 1506K [0x00000000d5580000, 0x00000000d7100000, 0x0000000100000000)
  eden space 18944K, 0% used [0x00000000d5580000,0x00000000d5580000,0x00000000d6800000)
  from space 1536K, 98% used [0x00000000d6800000,0x00000000d6978b68,0x00000000d6980000)
  to   space 4608K, 0% used [0x00000000d6c80000,0x00000000d6c80000,0x00000000d7100000)
 ParOldGen       total 68608K, used 42430K [0x0000000080000000, 0x0000000084300000, 0x00000000d5580000)
  object space 68608K, 61% used [0x0000000080000000,0x000000008296f9a8,0x0000000084300000)
 Metaspace       used 61308K, committed 62784K, reserved 1114112K
  class space    used 6600K, committed 7232K, reserved 1048576K
}
Event: 26.101 GC heap before
{Heap before GC invocations=39 (full 3):
 PSYoungGen      total 20480K, used 20450K [0x00000000d5580000, 0x00000000d7100000, 0x0000000100000000)
  eden space 18944K, 100% used [0x00000000d5580000,0x00000000d6800000,0x00000000d6800000)
  from space 1536K, 98% used [0x00000000d6800000,0x00000000d6978b68,0x00000000d6980000)
  to   space 4608K, 0% used [0x00000000d6c80000,0x00000000d6c80000,0x00000000d7100000)
 ParOldGen       total 68608K, used 42430K [0x0000000080000000, 0x0000000084300000, 0x00000000d5580000)
  object space 68608K, 61% used [0x0000000080000000,0x000000008296f9a8,0x0000000084300000)
 Metaspace       used 62769K, committed 64256K, reserved 1114112K
  class space    used 6737K, committed 7360K, reserved 1048576K
}
Event: 26.103 GC heap after
{Heap after GC invocations=39 (full 3):
 PSYoungGen      total 20992K, used 1654K [0x00000000d5580000, 0x00000000d6e80000, 0x0000000100000000)
  eden space 18944K, 0% used [0x00000000d5580000,0x00000000d5580000,0x00000000d6800000)
  from space 2048K, 80% used [0x00000000d6c80000,0x00000000d6e1d958,0x00000000d6e80000)
  to   space 2560K, 0% used [0x00000000d6980000,0x00000000d6980000,0x00000000d6c00000)
 ParOldGen       total 68608K, used 43883K [0x0000000080000000, 0x0000000084300000, 0x00000000d5580000)
  object space 68608K, 63% used [0x0000000080000000,0x0000000082adaea8,0x0000000084300000)
 Metaspace       used 62769K, committed 64256K, reserved 1114112K
  class space    used 6737K, committed 7360K, reserved 1048576K
}
Event: 26.589 GC heap before
{Heap before GC invocations=40 (full 3):
 PSYoungGen      total 20992K, used 20598K [0x00000000d5580000, 0x00000000d6e80000, 0x0000000100000000)
  eden space 18944K, 100% used [0x00000000d5580000,0x00000000d6800000,0x00000000d6800000)
  from space 2048K, 80% used [0x00000000d6c80000,0x00000000d6e1d958,0x00000000d6e80000)
  to   space 2560K, 0% used [0x00000000d6980000,0x00000000d6980000,0x00000000d6c00000)
 ParOldGen       total 68608K, used 43883K [0x0000000080000000, 0x0000000084300000, 0x00000000d5580000)
  object space 68608K, 63% used [0x0000000080000000,0x0000000082adaea8,0x0000000084300000)
 Metaspace       used 63308K, committed 64896K, reserved 1114112K
  class space    used 6804K, committed 7488K, reserved 1048576K
}
Event: 26.591 GC heap after
{Heap after GC invocations=40 (full 3):
 PSYoungGen      total 21504K, used 2222K [0x00000000d5580000, 0x00000000d6d00000, 0x0000000100000000)
  eden space 18944K, 0% used [0x00000000d5580000,0x00000000d5580000,0x00000000d6800000)
  from space 2560K, 86% used [0x00000000d6980000,0x00000000d6babb68,0x00000000d6c00000)
  to   space 1024K, 0% used [0x00000000d6c00000,0x00000000d6c00000,0x00000000d6d00000)
 ParOldGen       total 68608K, used 45244K [0x0000000080000000, 0x0000000084300000, 0x00000000d5580000)
  object space 68608K, 65% used [0x0000000080000000,0x0000000082c2f250,0x0000000084300000)
 Metaspace       used 63308K, committed 64896K, reserved 1114112K
  class space    used 6804K, committed 7488K, reserved 1048576K
}
Event: 27.070 GC heap before
{Heap before GC invocations=41 (full 3):
 PSYoungGen      total 21504K, used 21166K [0x00000000d5580000, 0x00000000d6d00000, 0x0000000100000000)
  eden space 18944K, 100% used [0x00000000d5580000,0x00000000d6800000,0x00000000d6800000)
  from space 2560K, 86% used [0x00000000d6980000,0x00000000d6babb68,0x00000000d6c00000)
  to   space 1024K, 0% used [0x00000000d6c00000,0x00000000d6c00000,0x00000000d6d00000)
 ParOldGen       total 68608K, used 45244K [0x0000000080000000, 0x0000000084300000, 0x00000000d5580000)
  object space 68608K, 65% used [0x0000000080000000,0x0000000082c2f250,0x0000000084300000)
 Metaspace       used 64128K, committed 65664K, reserved 1114112K
  class space    used 6890K, committed 7552K, reserved 1048576K
}
Event: 27.074 GC heap after
{Heap after GC invocations=41 (full 3):
 PSYoungGen      total 16896K, used 1000K [0x00000000d5580000, 0x00000000d7600000, 0x0000000100000000)
  eden space 15872K, 0% used [0x00000000d5580000,0x00000000d5580000,0x00000000d6500000)
  from space 1024K, 97% used [0x00000000d6c00000,0x00000000d6cfa0a0,0x00000000d6d00000)
  to   space 7168K, 0% used [0x00000000d6500000,0x00000000d6500000,0x00000000d6c00000)
 ParOldGen       total 68608K, used 50517K [0x0000000080000000, 0x0000000084300000, 0x00000000d5580000)
  object space 68608K, 73% used [0x0000000080000000,0x00000000831555a0,0x0000000084300000)
 Metaspace       used 64128K, committed 65664K, reserved 1114112K
  class space    used 6890K, committed 7552K, reserved 1048576K
}
Event: 27.589 GC heap before
{Heap before GC invocations=42 (full 3):
 PSYoungGen      total 16896K, used 16872K [0x00000000d5580000, 0x00000000d7600000, 0x0000000100000000)
  eden space 15872K, 100% used [0x00000000d5580000,0x00000000d6500000,0x00000000d6500000)
  from space 1024K, 97% used [0x00000000d6c00000,0x00000000d6cfa0a0,0x00000000d6d00000)
  to   space 7168K, 0% used [0x00000000d6500000,0x00000000d6500000,0x00000000d6c00000)
 ParOldGen       total 68608K, used 50517K [0x0000000080000000, 0x0000000084300000, 0x00000000d5580000)
  object space 68608K, 73% used [0x0000000080000000,0x00000000831555a0,0x0000000084300000)
 Metaspace       used 64473K, committed 65984K, reserved 1114112K
  class space    used 6910K, committed 7552K, reserved 1048576K
}
Event: 27.592 GC heap after
{Heap after GC invocations=42 (full 3):
 PSYoungGen      total 21504K, used 5328K [0x00000000d5580000, 0x00000000d7100000, 0x0000000100000000)
  eden space 15872K, 0% used [0x00000000d5580000,0x00000000d5580000,0x00000000d6500000)
  from space 5632K, 94% used [0x00000000d6500000,0x00000000d6a343b0,0x00000000d6a80000)
  to   space 6144K, 0% used [0x00000000d6b00000,0x00000000d6b00000,0x00000000d7100000)
 ParOldGen       total 68608K, used 51235K [0x0000000080000000, 0x0000000084300000, 0x00000000d5580000)
  object space 68608K, 74% used [0x0000000080000000,0x0000000083208c10,0x0000000084300000)
 Metaspace       used 64473K, committed 65984K, reserved 1114112K
  class space    used 6910K, committed 7552K, reserved 1048576K
}
Event: 319.077 GC heap before
{Heap before GC invocations=43 (full 3):
 PSYoungGen      total 21504K, used 21200K [0x00000000d5580000, 0x00000000d7100000, 0x0000000100000000)
  eden space 15872K, 100% used [0x00000000d5580000,0x00000000d6500000,0x00000000d6500000)
  from space 5632K, 94% used [0x00000000d6500000,0x00000000d6a343b0,0x00000000d6a80000)
  to   space 6144K, 0% used [0x00000000d6b00000,0x00000000d6b00000,0x00000000d7100000)
 ParOldGen       total 68608K, used 51235K [0x0000000080000000, 0x0000000084300000, 0x00000000d5580000)
  object space 68608K, 74% used [0x0000000080000000,0x0000000083208c10,0x0000000084300000)
 Metaspace       used 64960K, committed 66496K, reserved 1114112K
  class space    used 6931K, committed 7616K, reserved 1048576K
}
Event: 319.080 GC heap after
{Heap after GC invocations=43 (full 3):
 PSYoungGen      total 17920K, used 1620K [0x00000000d5580000, 0x00000000d6d00000, 0x0000000100000000)
  eden space 15872K, 0% used [0x00000000d5580000,0x00000000d5580000,0x00000000d6500000)
  from space 2048K, 79% used [0x00000000d6b00000,0x00000000d6c95348,0x00000000d6d00000)
  to   space 3072K, 0% used [0x00000000d6700000,0x00000000d6700000,0x00000000d6a00000)
 ParOldGen       total 68608K, used 55514K [0x0000000080000000, 0x0000000084300000, 0x00000000d5580000)
  object space 68608K, 80% used [0x0000000080000000,0x0000000083636a28,0x0000000084300000)
 Metaspace       used 64960K, committed 66496K, reserved 1114112K
  class space    used 6931K, committed 7616K, reserved 1048576K
}
Event: 325.202 GC heap before
{Heap before GC invocations=44 (full 3):
 PSYoungGen      total 17920K, used 17492K [0x00000000d5580000, 0x00000000d6d00000, 0x0000000100000000)
  eden space 15872K, 100% used [0x00000000d5580000,0x00000000d6500000,0x00000000d6500000)
  from space 2048K, 79% used [0x00000000d6b00000,0x00000000d6c95348,0x00000000d6d00000)
  to   space 3072K, 0% used [0x00000000d6700000,0x00000000d6700000,0x00000000d6a00000)
 ParOldGen       total 68608K, used 55514K [0x0000000080000000, 0x0000000084300000, 0x00000000d5580000)
  object space 68608K, 80% used [0x0000000080000000,0x0000000083636a28,0x0000000084300000)
 Metaspace       used 65730K, committed 67264K, reserved 1114112K
  class space    used 6967K, committed 7616K, reserved 1048576K
}
Event: 325.205 GC heap after
{Heap after GC invocations=44 (full 3):
 PSYoungGen      total 18944K, used 3068K [0x00000000d5580000, 0x00000000d7000000, 0x0000000100000000)
  eden space 15872K, 0% used [0x00000000d5580000,0x00000000d5580000,0x00000000d6500000)
  from space 3072K, 99% used [0x00000000d6700000,0x00000000d69ff3a8,0x00000000d6a00000)
  to   space 5632K, 0% used [0x00000000d6a80000,0x00000000d6a80000,0x00000000d7000000)
 ParOldGen       total 68608K, used 57251K [0x0000000080000000, 0x0000000084300000, 0x00000000d5580000)
  object space 68608K, 83% used [0x0000000080000000,0x00000000837e8f98,0x0000000084300000)
 Metaspace       used 65730K, committed 67264K, reserved 1114112K
  class space    used 6967K, committed 7616K, reserved 1048576K
}

